<?xml version="1.0" encoding="UTF-8"?>
<!-- Generated by org.testng.reporters.JUnitReportReporter -->
<testsuite hostname="Sandeep" failures="0" tests="1" name="com.acti.base.DriverScript" time="7.921" errors="0" timestamp="22 Mar 2022 22:22:49 GMT" skipped="0">
  <testcase classname="com.acti.base.DriverScript" name="initApplication" time="7.921"/>
</testsuite> <!-- com.acti.base.DriverScript -->
