<?xml version="1.0" encoding="UTF-8"?>
<!-- Generated by org.testng.reporters.JUnitReportReporter -->
<testsuite hostname="Sandeep" failures="0" tests="1" name="com.acti.tests.TaskListTest" time="14.442" errors="0" timestamp="24 Mar 2022 21:01:48 GMT" skipped="0">
  <testcase classname="com.acti.tests.TaskListTest" name="createNewCustomer" time="14.442"/>
</testsuite> <!-- com.acti.tests.TaskListTest -->
